S Health and Wearable Component - Hello World/build/outputs/logs/manifest-merger-debug-report.txt
-- Merging decision tree log ---
manifest
ADDED from Desktop\HealthData_Sample_SimpleHealth_v1.2.1\AndroidManifest.xml:2:1-34:12
	package
		ADDED from Desktop\HealthData_Sample_SimpleHealth_v1.2.1\AndroidManifest.xml:3:5-47
	android:versionName
		ADDED from Desktop\HealthData_Sample_SimpleHealth_v1.2.1\AndroidManifest.xml:5:5-30
		INJECTED from Desktop\HealthData_Sample_SimpleHealth_v1.2.1\AndroidManifest.xml
		INJECTED from Desktop\HealthData_Sample_SimpleHealth_v1.2.1\AndroidManifest.xml
	android:versionCode
		ADDED from Desktop\HealthData_Sample_SimpleHealth_v1.2.1\AndroidManifest.xml:4:5-28
		INJECTED from Desktop\HealthData_Sample_SimpleHealth_v1.2.1\AndroidManifest.xml
		INJECTED from Desktop\HealthData_Sample_SimpleHealth_v1.2.1\AndroidManifest.xml
	xmlns:android
		ADDED from Desktop\HealthData_Sample_SimpleHealth_v1.2.1\AndroidManifest.xml:2:11-69
uses-sdk
ADDED from Desktop\HealthData_Sample_SimpleHealth_v1.2.1\AndroidManifest.xml:7:5-9:41
	android:targetSdkVersion
		ADDED from Desktop\HealthData_Sample_SimpleHealth_v1.2.1\AndroidManifest.xml:9:9-38
	android:minSdkVersion
		ADDED from Desktop\HealthData_Sample_SimpleHealth_v1.2.1\AndroidManifest.xml:8:9-35
uses-permission#android.permission.INTERNET
ADDED from Desktop\HealthData_Sample_SimpleHealth_v1.2.1\AndroidManifest.xml:11:5-67
	android:name
		ADDED from Desktop\HealthData_Sample_SimpleHealth_v1.2.1\AndroidManifest.xml:11:22-64
application
ADDED from Desktop\HealthData_Sample_SimpleHealth_v1.2.1\AndroidManifest.xml:13:5-32:19
	android:label
		ADDED from Desktop\HealthData_Sample_SimpleHealth_v1.2.1\AndroidManifest.xml:16:9-41
	android:allowBackup
		ADDED from Desktop\HealthData_Sample_SimpleHealth_v1.2.1\AndroidManifest.xml:14:9-35
	android:icon
		ADDED from Desktop\HealthData_Sample_SimpleHealth_v1.2.1\AndroidManifest.xml:15:9-45
	android:theme
		ADDED from Desktop\HealthData_Sample_SimpleHealth_v1.2.1\AndroidManifest.xml:17:9-40
meta-data#com.samsung.android.health.permission.read
ADDED from Desktop\HealthData_Sample_SimpleHealth_v1.2.1\AndroidManifest.xml:18:9-20:61
	android:value
		ADDED from Desktop\HealthData_Sample_SimpleHealth_v1.2.1\AndroidManifest.xml:20:13-58
	android:name
		ADDED from Desktop\HealthData_Sample_SimpleHealth_v1.2.1\AndroidManifest.xml:19:13-70
activity#com.samsung.android.simplehealth.MainActivity
ADDED from Desktop\HealthData_Sample_SimpleHealth_v1.2.1\AndroidManifest.xml:22:9-31:20
	android:screenOrientation
		ADDED from Desktop\HealthData_Sample_SimpleHealth_v1.2.1\AndroidManifest.xml:25:13-49
	android:label
		ADDED from Desktop\HealthData_Sample_SimpleHealth_v1.2.1\AndroidManifest.xml:24:13-45
	android:name
		ADDED from Desktop\HealthData_Sample_SimpleHealth_v1.2.1\AndroidManifest.xml:23:13-73
intent-filter#android.intent.action.MAIN+android.intent.category.LAUNCHER
ADDED from Desktop\HealthData_Sample_SimpleHealth_v1.2.1\AndroidManifest.xml:26:13-30:29
action#android.intent.action.MAIN
ADDED from Desktop\HealthData_Sample_SimpleHealth_v1.2.1\AndroidManifest.xml:27:17-69
	android:name
		ADDED from Desktop\HealthData_Sample_SimpleHealth_v1.2.1\AndroidManifest.xml:27:25-66
category#android.intent.category.LAUNCHER
ADDED from Desktop\HealthData_Sample_SimpleHealth_v1.2.1\AndroidManifest.xml:29:17-77
	android:name
		ADDED from Desktop\HealthData_Sample_SimpleHealth_v1.2.1\AndroidManifest.xml:29:27-74